Activities/proguard-project.txt
# To enable ProGuard in your project, edit project.properties
# to define the proguard.config property as described in that file.
#
# Add project specific ProGuard rules here.
# By default, the flags in this file are appended to flags specified
# in ${sdk.dir}/tools/proguard/proguard-android.txt
# You can edit the include path and order by changing the ProGuard
# include property in project.properties.
#
# For more details, see
#   http://developer.android.com/guide/developing/tools/proguard.html

# Add any project specific keep options here:

# If your project uses WebView with JS, uncomment the following
# and specify the fully qualified class name to the JavaScript interface
# class:
-keepclassmembers class fqcn.of.javascript.interface.for.webview {
   public *;
}
-optimizationpasses 5
-dontusemixedcaseclassnames
-dontskipnonpubliclibraryclasses
-dontpreverify
-verbose
-optimizations !code/simplification/arithmetic,!field/*,!class/merging/*

-keepattributes *Annotation*
-keepattributes Signature


-libraryjars libs/android-support-v4.jar
-libraryjars libs/bolts-android-1.1.4.jar
-libraryjars libs/core.jar

-libraryjars libs/gson-2.3.jar
-libraryjars libs/httpmime-4.1.3.jar
-libraryjars libs/nineoldandroids-2.4.0.jar
-libraryjars libs/SocialSDK_actionbarview.jar
-libraryjars libs/SocialSDK_comment.jar
-libraryjars libs/SocialSDK_email.jar
-libraryjars libs/SocialSDK_facebook_1.jar
-libraryjars libs/SocialSDK_facebook_2.jar
-libraryjars libs/SocialSDK_flickr.jar
-libraryjars libs/SocialSDK_instagram.jar
-libraryjars libs/SocialSDK_kakao.jar
-libraryjars libs/SocialSDK_laiwang_1.jar
-libraryjars libs/SocialSDK_laiwang_2.jar
-libraryjars libs/SocialSDK_like.jar
-libraryjars libs/SocialSDK_line.jar
-libraryjars libs/SocialSDK_QQZone_1.jar
-libraryjars libs/SocialSDK_QQZone_2.jar
-libraryjars libs/SocialSDK_QQZone_3.jar
-libraryjars libs/SocialSDK_renren_1.jar
-libraryjars libs/SocialSDK_renren_2.jar
-libraryjars libs/SocialSDK_scrshot.jar
-libraryjars libs/SocialSDK_shake.jar
-libraryjars libs/SocialSDK_Sina.jar
-libraryjars libs/SocialSDK_sms.jar
-libraryjars libs/SocialSDK_tencentWB_1.jar
-libraryjars libs/SocialSDK_tencentWB_2.jar
-libraryjars libs/SocialSDK_tencentWB_3.jar
-libraryjars libs/SocialSDK_tumblr.jar
-libraryjars libs/SocialSDK_UserCenter.jar
-libraryjars libs/SocialSDK_WeiXin_1.jar
-libraryjars libs/SocialSDK_WeiXin_2.jar
-libraryjars libs/SocialSDK_whatsapp.jar
-libraryjars libs/SocialSDK_yixin_1.jar
-libraryjars libs/SocialSDK_yixin_2.jar
-libraryjars libs/umeng_social_sdk.jar
-libraryjars libs/umeng-analytics-v5.6.1.jar
-libraryjars libs/universal-image-loader-1.9.3.jar
-libraryjars libs/xUtils-2.6.14.jar

-libraryjars libs/armeabi/libbitherjni.so
#-libraryjars libs/armeabi/libgotyeapi.so
-libraryjars libs/armeabi/libjpegbither.so
-libraryjars libs/armeabi/libjpush180.so
-libraryjars libs/armeabi/libserphone.so

-libraryjars libs/armeabi-v7a/libbitherjni.so
#-libraryjars libs/armeabi-v7a/libgotyeapi.so
-libraryjars libs/armeabi-v7a/libjpegbither.so
-libraryjars libs/armeabi-v7a/libjpush180.so
-libraryjars libs/armeabi-v7a/libserphone.so

#-libraryjars libs/libs-ifly/Msc.jar
#-libraryjars libs/libs-ifly/Sunflower.jar
#-libraryjars libs/libs-ifly/libs/armeabi/libmsc.so
#-libraryjars libs/libs-ifly/libs/armeabi-v7a/libmsc.so

-keep public class * extends android.app.Fragment  
-keep public class * extends android.app.Activity
-keep public class * extends android.app.Application
-keep public class * extends android.app.Service
-keep public class * extends android.content.BroadcastReceiver
-keep public class * extends android.content.ContentProvider
-keep public class * extends android.app.backup.BackupAgentHelper
-keep public class * extends android.preference.Preference
-keep public class * extends android.support.v4.**
-keep public class com.android.vending.licensing.ILicensingService

-keep class com.google.gson.stream.** { *; }
-keep class com.google.gson.examples.android.model.** { *; }
-keep class com.uuhelper.Application.** { *; }
-keep class net.sourceforge.zbar.** { *; }
-keep class com.google.android.gms.** { *; } 

-keep class com.bank.pingan.model.** { *; }
-keep class android.support.v4.** { *; }  
-keep class org.apache.commons.net.** { *; }  
-keep class com.tencent.** { *; }  
 
-keep class com.umeng.** { *; }  
-keep class com.umeng.analytics.** { *; }  
-keep class com.umeng.common.** { *; }  
-keep class com.umeng.newxp.** { *; }  

-keep class com.gotye.api.**  {*;}
-keep class com.squareup.picasso.**{*;}
-keep class android.support.v4.**  {*;}
-keep class org.apache.commons.net.** {*;}
-keep class com.tencent.** {*;}
-keep class com.iflytek.cloud.**{*;}
-keep class com.unity3d.player.**{*;}
-keep class com.squareup.okhttp.**{*;}

-keepclasseswithmembernames class * {
    native <methods>;
}

-keepclasseswithmembernames class * {
    public <init>(android.content.Context, android.util.AttributeSet);
}

-keepclasseswithmembernames class * {
    public <init>(android.content.Context, android.util.AttributeSet, int);
}

-keepclassmembers enum * {
    public static **[] values();
    public static ** valueOf(java.lang.String);
}

-keep class * implements android.os.Parcelable {
  public static final android.os.Parcelable$Creator *;
}

-keepclasseswithmembers class * {
    public <init>(android.content.Context);
}

-dontshrink
-dontoptimize
-dontwarn com.google.android.maps.**
-dontwarn android.webkit.WebView
-dontwarn com.umeng.**
-dontwarn com.tencent.weibo.sdk.**
-dontwarn com.facebook.**

-keep enum com.facebook.**
-keepattributes Exceptions,InnerClasses,Signature
-keepattributes *Annotation*
-keepattributes SourceFile,LineNumberTable

-keep public interface com.facebook.**
-keep public interface com.tencent.**
-keep public interface com.umeng.socialize.**
-keep public interface com.umeng.socialize.sensor.**
-keep public interface com.umeng.scrshot.**

-keep public class com.umeng.socialize.* {*;}
-keep public class javax.**
-keep public class android.webkit.**

-keep class com.facebook.**
-keep class com.umeng.scrshot.**
-keep public class com.tencent.** {*;}
-keep class com.umeng.socialize.sensor.**

-keep class com.tencent.mm.sdk.openapi.WXMediaMessage {*;}

-keep class com.tencent.mm.sdk.openapi.** implements com.tencent.mm.sdk.openapi.WXMediaMessage$IMediaObject {*;}

-keep class im.yixin.sdk.api.YXMessage {*;}
-keep class im.yixin.sdk.api.** implements im.yixin.sdk.api.YXMessage$YXMessageData{*;}

-keep public class [your_pkg].R$*{
    public static final int *;
}