Activities/proguard/seeds.txt
com.darly.activities.adapter.FragmentAdapter
com.darly.activities.app.App
com.darly.activities.app.App: App()
com.darly.activities.base.BaseActivity
com.darly.activities.base.BaseActivity: BaseActivity()
com.darly.activities.base.BaseFragment
com.darly.activities.base.BaseWebView
com.darly.activities.base.BaseWebView: BaseWebView(android.content.Context)
com.darly.activities.model.GridViewData
com.darly.activities.model.GridViewData: android.os.Parcelable$Creator CREATOR
com.darly.activities.poll.ThreadPoolTask
com.darly.activities.poll.ThreadPoolTask: ThreadPoolTask(android.content.Context)
com.darly.activities.ui.ChatPage
com.darly.activities.ui.ChatPage: ChatPage()
com.darly.activities.ui.ChatPage: void info(android.view.View)
com.darly.activities.ui.ChatPage: void onClick(android.view.View)
com.darly.activities.ui.DisplayActivity
com.darly.activities.ui.DisplayActivity: DisplayActivity()
com.darly.activities.ui.IndexShowViewActivity
com.darly.activities.ui.IndexShowViewActivity: IndexShowViewActivity()
com.darly.activities.ui.IndexShowViewActivity: void onClick(android.view.View)
com.darly.activities.ui.IndexZoomViewActivity
com.darly.activities.ui.IndexZoomViewActivity: IndexZoomViewActivity()
com.darly.activities.ui.IndexZoomViewActivity: void onClick(android.view.View)
com.darly.activities.ui.InterlActivityVtoo
com.darly.activities.ui.InterlActivityVtoo: InterlActivityVtoo()
com.darly.activities.ui.InterlActivityVtoo: void onClick(android.view.View)
com.darly.activities.ui.MainActivity
com.darly.activities.ui.MainActivity: MainActivity()
com.darly.activities.ui.MainActivity: void onClick(android.view.View)
com.darly.activities.ui.R$anim: int anim_bottom_iv_add
com.darly.activities.ui.R$anim: int anim_bottom_iv_pls
com.darly.activities.ui.R$anim: int shake_umeng_socialize_cycle_5
com.darly.activities.ui.R$anim: int shake_umeng_socialize_dlg_alpha
com.darly.activities.ui.R$anim: int shake_umeng_socialize_dlg_scale
com.darly.activities.ui.R$anim: int shake_umeng_socialize_edit_anim
com.darly.activities.ui.R$anim: int shake_umeng_socialize_imageview_rotate
com.darly.activities.ui.R$anim: int shake_umeng_socialize_scrshot_dlg
com.darly.activities.ui.R$anim: int spinner
com.darly.activities.ui.R$anim: int umeng_socialize_fade_in
com.darly.activities.ui.R$anim: int umeng_socialize_fade_out
com.darly.activities.ui.R$anim: int umeng_socialize_shareboard_animation_in
com.darly.activities.ui.R$anim: int umeng_socialize_shareboard_animation_out
com.darly.activities.ui.R$anim: int umeng_socialize_slide_in_from_bottom
com.darly.activities.ui.R$anim: int umeng_socialize_slide_out_from_bottom
com.darly.activities.ui.R$anim: int voice_from_icon
com.darly.activities.ui.R$anim: int voice_to_icon
com.darly.activities.ui.R$array: int babaiban_roomnub
com.darly.activities.ui.R$array: int jingan_roomnub
com.darly.activities.ui.R$array: int xuhui_roomnub
...
com.umeng.socialize.whatsapp.controller.UMWhatsAppHandler
com.umeng.socialize.whatsapp.controller.UMWhatsAppHandler: java.lang.String PACKAGE_NAME
com.umeng.socialize.whatsapp.controller.UMWhatsAppHandler: java.lang.String TAG
com.umeng.socialize.whatsapp.controller.UMWhatsAppHandler: UMWhatsAppHandler(android.content.Context)
com.umeng.socialize.whatsapp.controller.UMWhatsAppHandler: com.umeng.socialize.bean.CustomPlatform createNewPlatform()
com.umeng.socialize.whatsapp.controller.UMWhatsAppHandler: void authorize(android.app.Activity,com.umeng.socialize.controller.listener.SocializeListeners$UMAuthListener)
com.umeng.socialize.whatsapp.controller.UMWhatsAppHandler: void authorizeCallBack(int,int,android.content.Intent)
com.umeng.socialize.whatsapp.controller.UMWhatsAppHandler: void handleOnClick(com.umeng.socialize.bean.CustomPlatform,com.umeng.socialize.bean.SocializeEntity,com.umeng.socialize.controller.listener.SocializeListeners$SnsPostListener)
com.umeng.socialize.whatsapp.controller.UMWhatsAppHandler: boolean isClientInstalled()
com.umeng.socialize.whatsapp.controller.UMWhatsAppHandler: boolean shareTo()
com.umeng.socialize.whatsapp.controller.UMWhatsAppHandler: boolean isValidImage(java.lang.String)
com.umeng.socialize.whatsapp.controller.UMWhatsAppHandler: java.lang.String getImagePath()
com.umeng.socialize.whatsapp.controller.UMWhatsAppHandler: boolean checkData()
com.umeng.socialize.whatsapp.controller.UMWhatsAppHandler: void parseShareContent()
com.umeng.socialize.whatsapp.controller.UMWhatsAppHandler$1
com.umeng.socialize.whatsapp.controller.UMWhatsAppHandler$1: com.umeng.socialize.whatsapp.controller.UMWhatsAppHandler this$0
com.umeng.socialize.whatsapp.controller.UMWhatsAppHandler$1: UMWhatsAppHandler$1(com.umeng.socialize.whatsapp.controller.UMWhatsAppHandler)
com.umeng.socialize.whatsapp.controller.UMWhatsAppHandler$1: void onClick(android.content.Context,com.umeng.socialize.bean.SocializeEntity,com.umeng.socialize.controller.listener.SocializeListeners$SnsPostListener)
com.umeng.socialize.whatsapp.media.WhatsAppShareContent
com.umeng.socialize.whatsapp.media.WhatsAppShareContent: java.lang.String mTitle
com.umeng.socialize.whatsapp.media.WhatsAppShareContent: WhatsAppShareContent()
com.umeng.socialize.whatsapp.media.WhatsAppShareContent: com.umeng.socialize.bean.SHARE_MEDIA getTargetPlatform()
com.umeng.socialize.whatsapp.media.WhatsAppShareContent: void setTitle(java.lang.String)
com.umeng.socialize.whatsapp.media.WhatsAppShareContent: java.lang.String getTitle()
com.umeng.socialize.yixin.BuildConfig
com.umeng.socialize.yixin.BuildConfig: boolean DEBUG
com.umeng.socialize.yixin.BuildConfig: java.lang.String APPLICATION_ID
com.umeng.socialize.yixin.BuildConfig: java.lang.String BUILD_TYPE
com.umeng.socialize.yixin.BuildConfig: java.lang.String FLAVOR
com.umeng.socialize.yixin.BuildConfig: int VERSION_CODE
com.umeng.socialize.yixin.BuildConfig: java.lang.String VERSION_NAME
com.umeng.socialize.yixin.BuildConfig: BuildConfig()